2016-02-12 23:55:29
Full thread dump Java HotSpot(TM) 64-Bit Server VM (25.72-b15 mixed mode):

"DestroyJavaVM" #15 prio=5 os_prio=0 tid=0x0000000002350800 nid=0x27d0 waiting on condition [0x0000000000000000]
   java.lang.Thread.State: RUNNABLE

   Locked ownable synchronizers:
	- None

"Thread-4" #14 prio=5 os_prio=0 tid=0x0000000016410000 nid=0x1ce8 waiting for monitor entry [0x0000000016e5f000]
   java.lang.Thread.State: BLOCKED (on object monitor)
	at jmp.yury.kiryla.troubleshooting_task4.impl.Resource.getValue(Resource.java:46)
	- waiting to lock <0x00000000eb47ec10> (a jmp.yury.kiryla.troubleshooting_task4.impl.Resource)
	at jmp.yury.kiryla.troubleshooting_task4.impl.Executor.run(Executor.java:34)
	at java.lang.Thread.run(Unknown Source)

   Locked ownable synchronizers:
	- None

"Thread-3" #13 prio=5 os_prio=0 tid=0x000000001640f000 nid=0xfb8 waiting for monitor entry [0x0000000016d5f000]
   java.lang.Thread.State: BLOCKED (on object monitor)
	at jmp.yury.kiryla.troubleshooting_task4.impl.Resource.getValue(Resource.java:46)
	- waiting to lock <0x00000000eb47ec10> (a jmp.yury.kiryla.troubleshooting_task4.impl.Resource)
	at jmp.yury.kiryla.troubleshooting_task4.impl.Executor.run(Executor.java:34)
	at java.lang.Thread.run(Unknown Source)

   Locked ownable synchronizers:
	- None

"Thread-0" #10 prio=5 os_prio=0 tid=0x00000000163f6800 nid=0x207c waiting on condition [0x0000000016a5f000]
   java.lang.Thread.State: TIMED_WAITING (sleeping)
	at java.lang.Thread.sleep(Native Method)
	at jmp.yury.kiryla.troubleshooting_task4.impl.Resource.getValue(Resource.java:46)
	- locked <0x00000000eb47ec10> (a jmp.yury.kiryla.troubleshooting_task4.impl.Resource)
	at jmp.yury.kiryla.troubleshooting_task4.impl.Executor.run(Executor.java:34)
	at java.lang.Thread.run(Unknown Source)

   Locked ownable synchronizers:
	- None

"Service Thread" #9 daemon prio=9 os_prio=0 tid=0x0000000016386000 nid=0x25f8 runnable [0x0000000000000000]
   java.lang.Thread.State: RUNNABLE

   Locked ownable synchronizers:
	- None

"C1 CompilerThread2" #8 daemon prio=9 os_prio=2 tid=0x0000000014a25800 nid=0x1ce4 waiting on condition [0x0000000000000000]
   java.lang.Thread.State: RUNNABLE

   Locked ownable synchronizers:
	- None

"C2 CompilerThread1" #7 daemon prio=9 os_prio=2 tid=0x0000000014a22800 nid=0x81c waiting on condition [0x0000000000000000]
   java.lang.Thread.State: RUNNABLE

   Locked ownable synchronizers:
	- None

"C2 CompilerThread0" #6 daemon prio=9 os_prio=2 tid=0x0000000014a20800 nid=0x159c waiting on condition [0x0000000000000000]
   java.lang.Thread.State: RUNNABLE

   Locked ownable synchronizers:
	- None

"Attach Listener" #5 daemon prio=5 os_prio=2 tid=0x0000000014a1e800 nid=0x1c38 waiting on condition [0x0000000000000000]
   java.lang.Thread.State: RUNNABLE

   Locked ownable synchronizers:
	- None

"Signal Dispatcher" #4 daemon prio=9 os_prio=2 tid=0x0000000014a1c800 nid=0x1048 runnable [0x0000000000000000]
   java.lang.Thread.State: RUNNABLE

   Locked ownable synchronizers:
	- None

"Finalizer" #3 daemon prio=8 os_prio=1 tid=0x0000000014a0a800 nid=0x2750 in Object.wait() [0x0000000015d6f000]
   java.lang.Thread.State: WAITING (on object monitor)
	at java.lang.Object.wait(Native Method)
	- waiting on <0x00000000eb408ee0> (a java.lang.ref.ReferenceQueue$Lock)
	at java.lang.ref.ReferenceQueue.remove(Unknown Source)
	- locked <0x00000000eb408ee0> (a java.lang.ref.ReferenceQueue$Lock)
	at java.lang.ref.ReferenceQueue.remove(Unknown Source)
	at java.lang.ref.Finalizer$FinalizerThread.run(Unknown Source)

   Locked ownable synchronizers:
	- None

"Reference Handler" #2 daemon prio=10 os_prio=2 tid=0x0000000002441000 nid=0x1554 in Object.wait() [0x0000000015c6f000]
   java.lang.Thread.State: WAITING (on object monitor)
	at java.lang.Object.wait(Native Method)
	- waiting on <0x00000000eb406b50> (a java.lang.ref.Reference$Lock)
	at java.lang.Object.wait(Unknown Source)
	at java.lang.ref.Reference.tryHandlePending(Unknown Source)
	- locked <0x00000000eb406b50> (a java.lang.ref.Reference$Lock)
	at java.lang.ref.Reference$ReferenceHandler.run(Unknown Source)

   Locked ownable synchronizers:
	- None

"VM Thread" os_prio=2 tid=0x00000000149e7800 nid=0xf2c runnable 

"GC task thread#0 (ParallelGC)" os_prio=0 tid=0x0000000002366800 nid=0x1024 runnable 

"GC task thread#1 (ParallelGC)" os_prio=0 tid=0x0000000002368000 nid=0x1d80 runnable 

"GC task thread#2 (ParallelGC)" os_prio=0 tid=0x000000000236a000 nid=0x474 runnable 

"GC task thread#3 (ParallelGC)" os_prio=0 tid=0x000000000236c800 nid=0x1b04 runnable 

"VM Periodic Task Thread" os_prio=2 tid=0x00000000163a2800 nid=0x10ac waiting on condition 

JNI global references: 6

